<?xml version="1.0" encoding="UTF-8"?>
<!-- Generated by org.testng.reporters.JUnitXMLReporter -->
<testsuite hostname="Lyazzats-MacBook-Pro.local" ignored="0" name="DarkSky Functional Regression Test" tests="2" failures="0" timestamp="2020-08-05T21:44:45 EDT" time="25.559" errors="0">
  <testcase name="verifyPageTitleTest" time="0.014" classname="com.qa.darksky.test.HomePageTest"/>
  <testcase name="Get_Information" time="21.605" classname="com.qa.darksky.test.HomePageTest"/>
</testsuite> <!-- DarkSky Functional Regression Test -->
